#-----------------------------------------------------------
# Vivado v2018.3 (64-bit)
# SW Build 2405991 on Thu Dec  6 23:38:27 MST 2018
# IP Build 2404404 on Fri Dec  7 01:43:56 MST 2018
# Start of session at: Sat May  2 18:42:24 2020
# Process ID: 15044
# Current directory: D:/Pipeline
# Command line: vivado.exe -gui_launcher_event rodinguilauncherevent3768 D:\Pipeline\pipelineMIPS.xpr
# Log file: D:/Pipeline/vivado.log
# Journal file: D:/Pipeline\vivado.jou
#-----------------------------------------------------------
start_gui
open_project D:/Pipeline/pipelineMIPS.xpr
Scanning sources...
Finished scanning sources
INFO: [IP_Flow 19-234] Refreshing IP repositories
INFO: [IP_Flow 19-1704] No user IP repositories specified
INFO: [IP_Flow 19-2313] Loaded Vivado IP repository 'E:/Xilinx/Vivado/2018.3/data/ip'.
open_project: Time (s): cpu = 00:00:22 ; elapsed = 00:00:09 . Memory (MB): peak = 708.285 ; gain = 109.207
update_compile_order -fileset sources_1
launch_simulation
INFO: [Vivado 12-5682] Launching behavioral simulation in 'D:/Pipeline/pipelineMIPS.sim/sim_1/behav/xsim'
INFO: [SIM-utils-51] Simulation object is 'sim_1'
INFO: [SIM-utils-54] Inspecting design source files for 'cpu_tb' in fileset 'sim_1'...
INFO: [USF-XSim-97] Finding global include files...
INFO: [USF-XSim-98] Fetching design files from 'sim_1'...
INFO: [USF-XSim-2] XSim::Compile design
INFO: [USF-XSim-61] Executing 'COMPILE and ANALYZE' step in 'D:/Pipeline/pipelineMIPS.sim/sim_1/behav/xsim'
"xvlog --incr --relax -prj cpu_tb_vlog.prj"
INFO: [VRFC 10-2263] Analyzing SystemVerilog file "D:/Pipeline/pipelineMIPS.srcs/sources_1/new/adder.sv" into library xil_defaultlib
INFO: [VRFC 10-311] analyzing module adder
INFO: [VRFC 10-2263] Analyzing SystemVerilog file "D:/Pipeline/pipelineMIPS.srcs/sources_1/new/alu.sv" into library xil_defaultlib
INFO: [VRFC 10-311] analyzing module alu
INFO: [VRFC 10-2263] Analyzing SystemVerilog file "D:/Pipeline/pipelineMIPS.srcs/sources_1/new/aludec.sv" into library xil_defaultlib
INFO: [VRFC 10-311] analyzing module aludec
INFO: [VRFC 10-2263] Analyzing SystemVerilog file "D:/Pipeline/pipelineMIPS.srcs/sources_1/new/controller.sv" into library xil_defaultlib
INFO: [VRFC 10-311] analyzing module controller
INFO: [VRFC 10-2263] Analyzing SystemVerilog file "D:/Pipeline/pipelineMIPS.srcs/sources_1/new/datapath.sv" into library xil_defaultlib
INFO: [VRFC 10-311] analyzing module datapath
INFO: [VRFC 10-2263] Analyzing SystemVerilog file "D:/Pipeline/pipelineMIPS.srcs/sources_1/new/dmem.sv" into library xil_defaultlib
INFO: [VRFC 10-311] analyzing module dmem
INFO: [VRFC 10-2263] Analyzing SystemVerilog file "D:/Pipeline/pipelineMIPS.srcs/sources_1/new/eqcmp.sv" into library xil_defaultlib
INFO: [VRFC 10-311] analyzing module eqcmp
INFO: [VRFC 10-2263] Analyzing SystemVerilog file "D:/Pipeline/pipelineMIPS.srcs/sources_1/new/flopr.sv" into library xil_defaultlib
INFO: [VRFC 10-311] analyzing module flopr
INFO: [VRFC 10-2263] Analyzing SystemVerilog file "D:/Pipeline/pipelineMIPS.srcs/sources_1/new/floprc.sv" into library xil_defaultlib
INFO: [VRFC 10-311] analyzing module floprc
INFO: [VRFC 10-311] analyzing module flopenrc
INFO: [VRFC 10-311] analyzing module flopenr
INFO: [VRFC 10-2263] Analyzing SystemVerilog file "D:/Pipeline/pipelineMIPS.srcs/sources_1/new/hazard.sv" into library xil_defaultlib
INFO: [VRFC 10-311] analyzing module hazard
INFO: [VRFC 10-2263] Analyzing SystemVerilog file "D:/Pipeline/pipelineMIPS.srcs/sources_1/new/imem.sv" into library xil_defaultlib
INFO: [VRFC 10-311] analyzing module imem
INFO: [VRFC 10-2263] Analyzing SystemVerilog file "D:/Pipeline/pipelineMIPS.srcs/sources_1/new/maindec.sv" into library xil_defaultlib
INFO: [VRFC 10-311] analyzing module maindec
INFO: [VRFC 10-2263] Analyzing SystemVerilog file "D:/Pipeline/pipelineMIPS.srcs/sources_1/new/mips.sv" into library xil_defaultlib
INFO: [VRFC 10-311] analyzing module mips
INFO: [VRFC 10-2263] Analyzing SystemVerilog file "D:/Pipeline/pipelineMIPS.srcs/sources_1/new/mux2.sv" into library xil_defaultlib
INFO: [VRFC 10-311] analyzing module mux2
INFO: [VRFC 10-2263] Analyzing SystemVerilog file "D:/Pipeline/pipelineMIPS.srcs/sources_1/new/mux3.sv" into library xil_defaultlib
INFO: [VRFC 10-311] analyzing module mux3
INFO: [VRFC 10-2263] Analyzing SystemVerilog file "D:/Pipeline/pipelineMIPS.srcs/sources_1/new/regfile.sv" into library xil_defaultlib
INFO: [VRFC 10-311] analyzing module regfile
INFO: [VRFC 10-2263] Analyzing SystemVerilog file "D:/Pipeline/pipelineMIPS.srcs/sources_1/new/signext.sv" into library xil_defaultlib
INFO: [VRFC 10-311] analyzing module signext
INFO: [VRFC 10-311] analyzing module signextzero
INFO: [VRFC 10-311] analyzing module signext2
INFO: [VRFC 10-2263] Analyzing SystemVerilog file "D:/Pipeline/pipelineMIPS.srcs/sources_1/new/sl2.sv" into library xil_defaultlib
INFO: [VRFC 10-311] analyzing module sl2
INFO: [VRFC 10-2263] Analyzing SystemVerilog file "D:/Pipeline/cpu_tb.sv" into library xil_defaultlib
INFO: [VRFC 10-311] analyzing module cpu_tb
run_program: Time (s): cpu = 00:00:01 ; elapsed = 00:00:14 . Memory (MB): peak = 711.543 ; gain = 0.000
INFO: [USF-XSim-69] 'compile' step finished in '14' seconds
INFO: [USF-XSim-3] XSim::Elaborate design
INFO: [USF-XSim-61] Executing 'ELABORATE' step in 'D:/Pipeline/pipelineMIPS.sim/sim_1/behav/xsim'
Vivado Simulator 2018.3
Copyright 1986-1999, 2001-2018 Xilinx, Inc. All Rights Reserved.
Running: E:/Xilinx/Vivado/2018.3/bin/unwrapped/win64.o/xelab.exe -wto 0cd2026e72974750b7fdc490c61e5981 --incr --debug typical --relax --mt 2 -L xil_defaultlib -L unisims_ver -L unimacro_ver -L secureip --snapshot cpu_tb_behav xil_defaultlib.cpu_tb xil_defaultlib.glbl -log elaborate.log 
Using 2 slave threads.
Starting static elaboration
Completed static elaboration
Starting simulation data flow analysis
Completed simulation data flow analysis
Time Resolution for simulation is 1ps
Compiling module xil_defaultlib.maindec
Compiling module xil_defaultlib.aludec
Compiling module xil_defaultlib.floprc(WIDTH=10)
Compiling module xil_defaultlib.flopr(WIDTH=4)
Compiling module xil_defaultlib.flopr(WIDTH=3)
Compiling module xil_defaultlib.controller
Compiling module xil_defaultlib.hazard
Compiling module xil_defaultlib.mux2(WIDTH=32)
Compiling module xil_defaultlib.regfile
Compiling module xil_defaultlib.flopenr(WIDTH=32)
Compiling module xil_defaultlib.adder
Compiling module xil_defaultlib.flopenrc(WIDTH=32)
Compiling module xil_defaultlib.signext
Compiling module xil_defaultlib.signext2
Compiling module xil_defaultlib.signextzero
Compiling module xil_defaultlib.sl2
Compiling module xil_defaultlib.eqcmp
Compiling module xil_defaultlib.floprc(WIDTH=32)
Compiling module xil_defaultlib.floprc(WIDTH=5)
Compiling module xil_defaultlib.mux3(WIDTH=32)
Compiling module xil_defaultlib.alu
Compiling module xil_defaultlib.mux2(WIDTH=5)
Compiling module xil_defaultlib.flopr(WIDTH=32)
Compiling module xil_defaultlib.flopr(WIDTH=5)
Compiling module xil_defaultlib.datapath
Compiling module xil_defaultlib.mips
Compiling module xil_defaultlib.imem
Compiling module xil_defaultlib.dmem
Compiling module xil_defaultlib.cpu_tb
WARNING: [XSIM 43-3373] "D:/Pipeline/cpu_tb.sv" Line 41. System function $fscanf is used as system task. This system function should have a LHS e.g. x=$fscanf().
WARNING: [XSIM 43-3373] "D:/Pipeline/cpu_tb.sv" Line 65. System function $fscanf is used as system task. This system function should have a LHS e.g. x=$fscanf().
WARNING: [XSIM 43-3373] "D:/Pipeline/cpu_tb.sv" Line 125. System function $fscanf is used as system task. This system function should have a LHS e.g. x=$fscanf().
WARNING: [XSIM 43-3373] "D:/Pipeline/cpu_tb.sv" Line 135. System function $fscanf is used as system task. This system function should have a LHS e.g. x=$fscanf().
WARNING: [XSIM 43-3373] "D:/Pipeline/cpu_tb.sv" Line 153. System function $fscanf is used as system task. This system function should have a LHS e.g. x=$fscanf().
Compiling module xil_defaultlib.glbl
Built simulation snapshot cpu_tb_behav

****** Webtalk v2018.3 (64-bit)
  **** SW Build 2405991 on Thu Dec  6 23:38:27 MST 2018
  **** IP Build 2404404 on Fri Dec  7 01:43:56 MST 2018
    ** Copyright 1986-2018 Xilinx, Inc. All Rights Reserved.

source D:/Pipeline/pipelineMIPS.sim/sim_1/behav/xsim/xsim.dir/cpu_tb_behav/webtalk/xsim_webtalk.tcl -notrace
webtalk_transmit: Time (s): cpu = 00:00:00 ; elapsed = 00:00:19 . Memory (MB): peak = 84.309 ; gain = 0.000
INFO: [Common 17-206] Exiting Webtalk at Sat May  2 18:44:52 2020...
run_program: Time (s): cpu = 00:00:04 ; elapsed = 00:00:57 . Memory (MB): peak = 711.543 ; gain = 0.000
INFO: [USF-XSim-69] 'elaborate' step finished in '57' seconds
INFO: [USF-XSim-4] XSim::Simulate design
INFO: [USF-XSim-61] Executing 'SIMULATE' step in 'D:/Pipeline/pipelineMIPS.sim/sim_1/behav/xsim'
INFO: [USF-XSim-98] *** Running xsim
   with args "cpu_tb_behav -key {Behavioral:sim_1:Functional:cpu_tb} -tclbatch {cpu_tb.tcl} -log {simulate.log}"
INFO: [USF-XSim-8] Loading simulator feature
Vivado Simulator 2018.3
Time resolution is 1 ps
source cpu_tb.tcl
# set curr_wave [current_wave_config]
# if { [string length $curr_wave] == 0 } {
#   if { [llength [get_objects]] > 0} {
#     add_wave /
#     set_property needs_save false [current_wave_config]
#   } else {
#      send_msg_id Add_Wave-1 WARNING "No top level signals found. Simulator will start without a wave window. If you want to open a wave window go to 'File->New Waveform Configuration' or type 'create_wave_config' in the TCL console."
#   }
# }
WARNING: Simulation object /cpu_tb/summary was not traceable in the design for the following reason:
Vivado Simulator does not support tracing of System Verilog Dynamic Type object.
# log_wave -r /
WARNING: [Simtcl 6-197] One or more HDL objects could not be logged because of object type or size limitations.  To see details please rerun the command with -verbose (-v).
# run 10000000ns
WARNING: File memfile.dat referenced on D:/Pipeline/pipelineMIPS.srcs/sources_1/new/imem.sv at line 29 cannot be opened for reading. Please ensure that this file is available in the current working directory.
========== Test: en & clear ==========
WARNING: file D:/pipelineMIPS/benchtest/en & clear/en & clear.data could not be opened
========== In init ==========
13 instructions in total
========== In runtime checker ==========
successfully pass runtime checker
========== In memory judge ==========
successfully pass memory judge
[OK] en & clear

========== Test: i-type ==========
WARNING: file D:/pipelineMIPS/benchtest/i-type/i-type.data could not be opened
========== In init ==========
18 instructions in total
========== In runtime checker ==========
successfully pass runtime checker
========== In memory judge ==========
successfully pass memory judge
[OK] i-type

========== Test: mutual recursion ==========
WARNING: file D:/pipelineMIPS/benchtest/mutual recursion/mutual recursion.data could not be opened
========== In init ==========
55 instructions in total
========== In runtime checker ==========
successfully pass runtime checker
========== In memory judge ==========
successfully pass memory judge
[OK] mutual recursion

========== Test: testjr ==========
WARNING: file D:/pipelineMIPS/benchtest/testjr/testjr.data could not be opened
========== In init ==========
64 instructions in total
========== In runtime checker ==========
successfully pass runtime checker
========== In memory judge ==========
successfully pass memory judge
[OK] testjr

========== Test: ad hoc ==========
WARNING: file D:/pipelineMIPS/benchtest/ad hoc/ad hoc.data could not be opened
========== In init ==========
22 instructions in total
========== In runtime checker ==========
successfully pass runtime checker
========== In memory judge ==========
successfully pass memory judge
[OK] ad hoc

========== Test: factorial ==========
WARNING: file D:/pipelineMIPS/benchtest/factorial/factorial.data could not be opened
========== In init ==========
28 instructions in total
========== In runtime checker ==========
successfully pass runtime checker
========== In memory judge ==========
successfully pass memory judge
[OK] factorial

========== Test: bubble sort ==========
========== In init ==========
21 instructions in total
========== In runtime checker ==========
successfully pass runtime checker
========== In memory judge ==========
successfully pass memory judge
[OK] bubble sort

========== Test: gcd ==========
WARNING: file D:/pipelineMIPS/benchtest/gcd/gcd.data could not be opened
========== In init ==========
18 instructions in total
========== In runtime checker ==========
successfully pass runtime checker
========== In memory judge ==========
successfully pass memory judge
[OK] gcd

========== Test: quick multiply ==========
WARNING: file D:/pipelineMIPS/benchtest/quick multiply/quick multiply.data could not be opened
========== In init ==========
17 instructions in total
========== In runtime checker ==========
successfully pass runtime checker
========== In memory judge ==========
successfully pass memory judge
[OK] quick multiply

========== Test: bisection ==========
========== In init ==========
21 instructions in total
========== In runtime checker ==========
successfully pass runtime checker
========== In memory judge ==========
successfully pass memory judge
[OK] bisection

[Done]

CPI = 1.733869

$finish called at time : 253460 ns : File "D:/Pipeline/cpu_tb.sv" Line 191
xsim: Time (s): cpu = 00:00:17 ; elapsed = 00:00:12 . Memory (MB): peak = 713.039 ; gain = 1.496
INFO: [USF-XSim-96] XSim completed. Design snapshot 'cpu_tb_behav' loaded.
INFO: [USF-XSim-97] XSim simulation ran for 10000000ns
launch_simulation: Time (s): cpu = 00:00:24 ; elapsed = 00:01:26 . Memory (MB): peak = 713.039 ; gain = 1.496
close_sim
INFO: [Simtcl 6-16] Simulation closed
close_sim: Time (s): cpu = 00:00:02 ; elapsed = 00:00:09 . Memory (MB): peak = 730.777 ; gain = 0.000
launch_simulation
INFO: [Vivado 12-5682] Launching behavioral simulation in 'D:/Pipeline/pipelineMIPS.sim/sim_1/behav/xsim'
INFO: [SIM-utils-51] Simulation object is 'sim_1'
INFO: [SIM-utils-54] Inspecting design source files for 'cpu_tb' in fileset 'sim_1'...
INFO: [USF-XSim-97] Finding global include files...
INFO: [USF-XSim-98] Fetching design files from 'sim_1'...
INFO: [USF-XSim-2] XSim::Compile design
INFO: [USF-XSim-61] Executing 'COMPILE and ANALYZE' step in 'D:/Pipeline/pipelineMIPS.sim/sim_1/behav/xsim'
"xvlog --incr --relax -prj cpu_tb_vlog.prj"
INFO: [VRFC 10-2263] Analyzing SystemVerilog file "D:/Pipeline/pipelineMIPS.srcs/sources_1/new/adder.sv" into library xil_defaultlib
INFO: [VRFC 10-311] analyzing module adder
INFO: [VRFC 10-2263] Analyzing SystemVerilog file "D:/Pipeline/pipelineMIPS.srcs/sources_1/new/alu.sv" into library xil_defaultlib
INFO: [VRFC 10-311] analyzing module alu
INFO: [VRFC 10-2263] Analyzing SystemVerilog file "D:/Pipeline/pipelineMIPS.srcs/sources_1/new/aludec.sv" into library xil_defaultlib
INFO: [VRFC 10-311] analyzing module aludec
INFO: [VRFC 10-2263] Analyzing SystemVerilog file "D:/Pipeline/pipelineMIPS.srcs/sources_1/new/controller.sv" into library xil_defaultlib
INFO: [VRFC 10-311] analyzing module controller
INFO: [VRFC 10-2263] Analyzing SystemVerilog file "D:/Pipeline/pipelineMIPS.srcs/sources_1/new/datapath.sv" into library xil_defaultlib
INFO: [VRFC 10-311] analyzing module datapath
INFO: [VRFC 10-2263] Analyzing SystemVerilog file "D:/Pipeline/pipelineMIPS.srcs/sources_1/new/dmem.sv" into library xil_defaultlib
INFO: [VRFC 10-311] analyzing module dmem
INFO: [VRFC 10-2263] Analyzing SystemVerilog file "D:/Pipeline/pipelineMIPS.srcs/sources_1/new/eqcmp.sv" into library xil_defaultlib
INFO: [VRFC 10-311] analyzing module eqcmp
INFO: [VRFC 10-2263] Analyzing SystemVerilog file "D:/Pipeline/pipelineMIPS.srcs/sources_1/new/flopr.sv" into library xil_defaultlib
INFO: [VRFC 10-311] analyzing module flopr
INFO: [VRFC 10-2263] Analyzing SystemVerilog file "D:/Pipeline/pipelineMIPS.srcs/sources_1/new/floprc.sv" into library xil_defaultlib
INFO: [VRFC 10-311] analyzing module floprc
INFO: [VRFC 10-311] analyzing module flopenrc
INFO: [VRFC 10-311] analyzing module flopenr
INFO: [VRFC 10-2263] Analyzing SystemVerilog file "D:/Pipeline/pipelineMIPS.srcs/sources_1/new/hazard.sv" into library xil_defaultlib
INFO: [VRFC 10-311] analyzing module hazard
INFO: [VRFC 10-2263] Analyzing SystemVerilog file "D:/Pipeline/pipelineMIPS.srcs/sources_1/new/imem.sv" into library xil_defaultlib
INFO: [VRFC 10-311] analyzing module imem
INFO: [VRFC 10-2263] Analyzing SystemVerilog file "D:/Pipeline/pipelineMIPS.srcs/sources_1/new/maindec.sv" into library xil_defaultlib
INFO: [VRFC 10-311] analyzing module maindec
INFO: [VRFC 10-2263] Analyzing SystemVerilog file "D:/Pipeline/pipelineMIPS.srcs/sources_1/new/mips.sv" into library xil_defaultlib
INFO: [VRFC 10-311] analyzing module mips
INFO: [VRFC 10-2263] Analyzing SystemVerilog file "D:/Pipeline/pipelineMIPS.srcs/sources_1/new/mux2.sv" into library xil_defaultlib
INFO: [VRFC 10-311] analyzing module mux2
INFO: [VRFC 10-2263] Analyzing SystemVerilog file "D:/Pipeline/pipelineMIPS.srcs/sources_1/new/mux3.sv" into library xil_defaultlib
INFO: [VRFC 10-311] analyzing module mux3
INFO: [VRFC 10-2263] Analyzing SystemVerilog file "D:/Pipeline/pipelineMIPS.srcs/sources_1/new/regfile.sv" into library xil_defaultlib
INFO: [VRFC 10-311] analyzing module regfile
INFO: [VRFC 10-2263] Analyzing SystemVerilog file "D:/Pipeline/pipelineMIPS.srcs/sources_1/new/signext.sv" into library xil_defaultlib
INFO: [VRFC 10-311] analyzing module signext
INFO: [VRFC 10-311] analyzing module signextzero
INFO: [VRFC 10-311] analyzing module signext2
INFO: [VRFC 10-2263] Analyzing SystemVerilog file "D:/Pipeline/pipelineMIPS.srcs/sources_1/new/sl2.sv" into library xil_defaultlib
INFO: [VRFC 10-311] analyzing module sl2
INFO: [VRFC 10-2263] Analyzing SystemVerilog file "D:/Pipeline/cpu_tb.sv" into library xil_defaultlib
INFO: [VRFC 10-311] analyzing module cpu_tb
INFO: [USF-XSim-69] 'compile' step finished in '3' seconds
INFO: [USF-XSim-3] XSim::Elaborate design
INFO: [USF-XSim-61] Executing 'ELABORATE' step in 'D:/Pipeline/pipelineMIPS.sim/sim_1/behav/xsim'
Vivado Simulator 2018.3
Copyright 1986-1999, 2001-2018 Xilinx, Inc. All Rights Reserved.
Running: E:/Xilinx/Vivado/2018.3/bin/unwrapped/win64.o/xelab.exe -wto 0cd2026e72974750b7fdc490c61e5981 --incr --debug typical --relax --mt 2 -L xil_defaultlib -L unisims_ver -L unimacro_ver -L secureip --snapshot cpu_tb_behav xil_defaultlib.cpu_tb xil_defaultlib.glbl -log elaborate.log 
Using 2 slave threads.
Starting static elaboration
Completed static elaboration
Starting simulation data flow analysis
Completed simulation data flow analysis
Time Resolution for simulation is 1ps
Compiling module xil_defaultlib.maindec
Compiling module xil_defaultlib.aludec
Compiling module xil_defaultlib.floprc(WIDTH=10)
Compiling module xil_defaultlib.flopr(WIDTH=4)
Compiling module xil_defaultlib.flopr(WIDTH=3)
Compiling module xil_defaultlib.controller
Compiling module xil_defaultlib.hazard
Compiling module xil_defaultlib.mux2(WIDTH=32)
Compiling module xil_defaultlib.regfile
Compiling module xil_defaultlib.flopenr(WIDTH=32)
Compiling module xil_defaultlib.adder
Compiling module xil_defaultlib.flopenrc(WIDTH=32)
Compiling module xil_defaultlib.signext
Compiling module xil_defaultlib.signext2
Compiling module xil_defaultlib.signextzero
Compiling module xil_defaultlib.sl2
Compiling module xil_defaultlib.eqcmp
Compiling module xil_defaultlib.floprc(WIDTH=32)
Compiling module xil_defaultlib.floprc(WIDTH=5)
Compiling module xil_defaultlib.mux3(WIDTH=32)
Compiling module xil_defaultlib.alu
Compiling module xil_defaultlib.mux2(WIDTH=5)
Compiling module xil_defaultlib.flopr(WIDTH=32)
Compiling module xil_defaultlib.flopr(WIDTH=5)
Compiling module xil_defaultlib.datapath
Compiling module xil_defaultlib.mips
Compiling module xil_defaultlib.imem
Compiling module xil_defaultlib.dmem
Compiling module xil_defaultlib.cpu_tb
WARNING: [XSIM 43-3373] "D:/Pipeline/cpu_tb.sv" Line 41. System function $fscanf is used as system task. This system function should have a LHS e.g. x=$fscanf().
WARNING: [XSIM 43-3373] "D:/Pipeline/cpu_tb.sv" Line 65. System function $fscanf is used as system task. This system function should have a LHS e.g. x=$fscanf().
WARNING: [XSIM 43-3373] "D:/Pipeline/cpu_tb.sv" Line 125. System function $fscanf is used as system task. This system function should have a LHS e.g. x=$fscanf().
WARNING: [XSIM 43-3373] "D:/Pipeline/cpu_tb.sv" Line 135. System function $fscanf is used as system task. This system function should have a LHS e.g. x=$fscanf().
WARNING: [XSIM 43-3373] "D:/Pipeline/cpu_tb.sv" Line 153. System function $fscanf is used as system task. This system function should have a LHS e.g. x=$fscanf().
Compiling module xil_defaultlib.glbl
Built simulation snapshot cpu_tb_behav
run_program: Time (s): cpu = 00:00:00 ; elapsed = 00:00:07 . Memory (MB): peak = 730.777 ; gain = 0.000
INFO: [USF-XSim-69] 'elaborate' step finished in '7' seconds
INFO: [USF-XSim-4] XSim::Simulate design
INFO: [USF-XSim-61] Executing 'SIMULATE' step in 'D:/Pipeline/pipelineMIPS.sim/sim_1/behav/xsim'
INFO: [USF-XSim-98] *** Running xsim
   with args "cpu_tb_behav -key {Behavioral:sim_1:Functional:cpu_tb} -tclbatch {cpu_tb.tcl} -log {simulate.log}"
INFO: [USF-XSim-8] Loading simulator feature
Vivado Simulator 2018.3
Time resolution is 1 ps
source cpu_tb.tcl
# set curr_wave [current_wave_config]
# if { [string length $curr_wave] == 0 } {
#   if { [llength [get_objects]] > 0} {
#     add_wave /
#     set_property needs_save false [current_wave_config]
#   } else {
#      send_msg_id Add_Wave-1 WARNING "No top level signals found. Simulator will start without a wave window. If you want to open a wave window go to 'File->New Waveform Configuration' or type 'create_wave_config' in the TCL console."
#   }
# }
WARNING: Simulation object /cpu_tb/summary was not traceable in the design for the following reason:
Vivado Simulator does not support tracing of System Verilog Dynamic Type object.
# log_wave -r /
WARNING: [Simtcl 6-197] One or more HDL objects could not be logged because of object type or size limitations.  To see details please rerun the command with -verbose (-v).
# run 10000000ns
WARNING: File memfile.dat referenced on D:/Pipeline/pipelineMIPS.srcs/sources_1/new/imem.sv at line 29 cannot be opened for reading. Please ensure that this file is available in the current working directory.
========== Test: en & clear ==========
WARNING: file D:/pipelineMIPS/benchtest/en & clear/en & clear.data could not be opened
========== In init ==========
13 instructions in total
========== In runtime checker ==========
successfully pass runtime checker
========== In memory judge ==========
successfully pass memory judge
[OK] en & clear

========== Test: i-type ==========
WARNING: file D:/pipelineMIPS/benchtest/i-type/i-type.data could not be opened
========== In init ==========
18 instructions in total
========== In runtime checker ==========
successfully pass runtime checker
========== In memory judge ==========
successfully pass memory judge
[OK] i-type

========== Test: mutual recursion ==========
WARNING: file D:/pipelineMIPS/benchtest/mutual recursion/mutual recursion.data could not be opened
========== In init ==========
55 instructions in total
========== In runtime checker ==========
successfully pass runtime checker
========== In memory judge ==========
successfully pass memory judge
[OK] mutual recursion

========== Test: testjr ==========
WARNING: file D:/pipelineMIPS/benchtest/testjr/testjr.data could not be opened
========== In init ==========
64 instructions in total
========== In runtime checker ==========
successfully pass runtime checker
========== In memory judge ==========
successfully pass memory judge
[OK] testjr

========== Test: ad hoc ==========
WARNING: file D:/pipelineMIPS/benchtest/ad hoc/ad hoc.data could not be opened
========== In init ==========
22 instructions in total
========== In runtime checker ==========
successfully pass runtime checker
========== In memory judge ==========
successfully pass memory judge
[OK] ad hoc

========== Test: factorial ==========
WARNING: file D:/pipelineMIPS/benchtest/factorial/factorial.data could not be opened
========== In init ==========
28 instructions in total
========== In runtime checker ==========
successfully pass runtime checker
========== In memory judge ==========
successfully pass memory judge
[OK] factorial

========== Test: bubble sort ==========
========== In init ==========
21 instructions in total
========== In runtime checker ==========
successfully pass runtime checker
========== In memory judge ==========
successfully pass memory judge
[OK] bubble sort

========== Test: gcd ==========
WARNING: file D:/pipelineMIPS/benchtest/gcd/gcd.data could not be opened
========== In init ==========
18 instructions in total
========== In runtime checker ==========
successfully pass runtime checker
========== In memory judge ==========
successfully pass memory judge
[OK] gcd

========== Test: quick multiply ==========
WARNING: file D:/pipelineMIPS/benchtest/quick multiply/quick multiply.data could not be opened
========== In init ==========
17 instructions in total
========== In runtime checker ==========
successfully pass runtime checker
========== In memory judge ==========
successfully pass memory judge
[OK] quick multiply

========== Test: bisection ==========
========== In init ==========
21 instructions in total
========== In runtime checker ==========
successfully pass runtime checker
========== In memory judge ==========
successfully pass memory judge
[OK] bisection

[Done]

CPI = 1.733869

$finish called at time : 253460 ns : File "D:/Pipeline/cpu_tb.sv" Line 191
xsim: Time (s): cpu = 00:00:10 ; elapsed = 00:00:06 . Memory (MB): peak = 730.777 ; gain = 0.000
INFO: [USF-XSim-96] XSim completed. Design snapshot 'cpu_tb_behav' loaded.
INFO: [USF-XSim-97] XSim simulation ran for 10000000ns
launch_simulation: Time (s): cpu = 00:00:12 ; elapsed = 00:00:17 . Memory (MB): peak = 730.777 ; gain = 0.000
close_sim
INFO: [Simtcl 6-16] Simulation closed
launch_simulation
INFO: [Vivado 12-5682] Launching behavioral simulation in 'D:/Pipeline/pipelineMIPS.sim/sim_1/behav/xsim'
INFO: [SIM-utils-51] Simulation object is 'sim_1'
INFO: [SIM-utils-54] Inspecting design source files for 'cpu_tb' in fileset 'sim_1'...
INFO: [USF-XSim-97] Finding global include files...
INFO: [USF-XSim-98] Fetching design files from 'sim_1'...
INFO: [USF-XSim-2] XSim::Compile design
INFO: [USF-XSim-61] Executing 'COMPILE and ANALYZE' step in 'D:/Pipeline/pipelineMIPS.sim/sim_1/behav/xsim'
"xvlog --incr --relax -prj cpu_tb_vlog.prj"
INFO: [VRFC 10-2263] Analyzing SystemVerilog file "D:/Pipeline/pipelineMIPS.srcs/sources_1/new/adder.sv" into library xil_defaultlib
INFO: [VRFC 10-311] analyzing module adder
INFO: [VRFC 10-2263] Analyzing SystemVerilog file "D:/Pipeline/pipelineMIPS.srcs/sources_1/new/alu.sv" into library xil_defaultlib
INFO: [VRFC 10-311] analyzing module alu
INFO: [VRFC 10-2263] Analyzing SystemVerilog file "D:/Pipeline/pipelineMIPS.srcs/sources_1/new/aludec.sv" into library xil_defaultlib
INFO: [VRFC 10-311] analyzing module aludec
INFO: [VRFC 10-2263] Analyzing SystemVerilog file "D:/Pipeline/pipelineMIPS.srcs/sources_1/new/controller.sv" into library xil_defaultlib
INFO: [VRFC 10-311] analyzing module controller
INFO: [VRFC 10-2263] Analyzing SystemVerilog file "D:/Pipeline/pipelineMIPS.srcs/sources_1/new/datapath.sv" into library xil_defaultlib
INFO: [VRFC 10-311] analyzing module datapath
INFO: [VRFC 10-2263] Analyzing SystemVerilog file "D:/Pipeline/pipelineMIPS.srcs/sources_1/new/dmem.sv" into library xil_defaultlib
INFO: [VRFC 10-311] analyzing module dmem
INFO: [VRFC 10-2263] Analyzing SystemVerilog file "D:/Pipeline/pipelineMIPS.srcs/sources_1/new/eqcmp.sv" into library xil_defaultlib
INFO: [VRFC 10-311] analyzing module eqcmp
INFO: [VRFC 10-2263] Analyzing SystemVerilog file "D:/Pipeline/pipelineMIPS.srcs/sources_1/new/flopr.sv" into library xil_defaultlib
INFO: [VRFC 10-311] analyzing module flopr
INFO: [VRFC 10-2263] Analyzing SystemVerilog file "D:/Pipeline/pipelineMIPS.srcs/sources_1/new/floprc.sv" into library xil_defaultlib
INFO: [VRFC 10-311] analyzing module floprc
INFO: [VRFC 10-311] analyzing module flopenrc
INFO: [VRFC 10-311] analyzing module flopenr
INFO: [VRFC 10-2263] Analyzing SystemVerilog file "D:/Pipeline/pipelineMIPS.srcs/sources_1/new/hazard.sv" into library xil_defaultlib
INFO: [VRFC 10-311] analyzing module hazard
INFO: [VRFC 10-2263] Analyzing SystemVerilog file "D:/Pipeline/pipelineMIPS.srcs/sources_1/new/imem.sv" into library xil_defaultlib
INFO: [VRFC 10-311] analyzing module imem
INFO: [VRFC 10-2263] Analyzing SystemVerilog file "D:/Pipeline/pipelineMIPS.srcs/sources_1/new/maindec.sv" into library xil_defaultlib
INFO: [VRFC 10-311] analyzing module maindec
INFO: [VRFC 10-2263] Analyzing SystemVerilog file "D:/Pipeline/pipelineMIPS.srcs/sources_1/new/mips.sv" into library xil_defaultlib
INFO: [VRFC 10-311] analyzing module mips
INFO: [VRFC 10-2263] Analyzing SystemVerilog file "D:/Pipeline/pipelineMIPS.srcs/sources_1/new/mux2.sv" into library xil_defaultlib
INFO: [VRFC 10-311] analyzing module mux2
INFO: [VRFC 10-2263] Analyzing SystemVerilog file "D:/Pipeline/pipelineMIPS.srcs/sources_1/new/mux3.sv" into library xil_defaultlib
INFO: [VRFC 10-311] analyzing module mux3
INFO: [VRFC 10-2263] Analyzing SystemVerilog file "D:/Pipeline/pipelineMIPS.srcs/sources_1/new/regfile.sv" into library xil_defaultlib
INFO: [VRFC 10-311] analyzing module regfile
INFO: [VRFC 10-2263] Analyzing SystemVerilog file "D:/Pipeline/pipelineMIPS.srcs/sources_1/new/signext.sv" into library xil_defaultlib
INFO: [VRFC 10-311] analyzing module signext
INFO: [VRFC 10-311] analyzing module signextzero
INFO: [VRFC 10-311] analyzing module signext2
INFO: [VRFC 10-2263] Analyzing SystemVerilog file "D:/Pipeline/pipelineMIPS.srcs/sources_1/new/sl2.sv" into library xil_defaultlib
INFO: [VRFC 10-311] analyzing module sl2
INFO: [VRFC 10-2263] Analyzing SystemVerilog file "D:/Pipeline/cpu_tb.sv" into library xil_defaultlib
INFO: [VRFC 10-311] analyzing module cpu_tb
INFO: [USF-XSim-69] 'compile' step finished in '4' seconds
INFO: [USF-XSim-3] XSim::Elaborate design
INFO: [USF-XSim-61] Executing 'ELABORATE' step in 'D:/Pipeline/pipelineMIPS.sim/sim_1/behav/xsim'
Vivado Simulator 2018.3
Copyright 1986-1999, 2001-2018 Xilinx, Inc. All Rights Reserved.
Running: E:/Xilinx/Vivado/2018.3/bin/unwrapped/win64.o/xelab.exe -wto 0cd2026e72974750b7fdc490c61e5981 --incr --debug typical --relax --mt 2 -L xil_defaultlib -L unisims_ver -L unimacro_ver -L secureip --snapshot cpu_tb_behav xil_defaultlib.cpu_tb xil_defaultlib.glbl -log elaborate.log 
Using 2 slave threads.
Starting static elaboration
Completed static elaboration
Starting simulation data flow analysis
Completed simulation data flow analysis
Time Resolution for simulation is 1ps
Compiling module xil_defaultlib.maindec
Compiling module xil_defaultlib.aludec
Compiling module xil_defaultlib.floprc(WIDTH=10)
Compiling module xil_defaultlib.flopr(WIDTH=4)
Compiling module xil_defaultlib.flopr(WIDTH=3)
Compiling module xil_defaultlib.controller
Compiling module xil_defaultlib.hazard
Compiling module xil_defaultlib.mux2(WIDTH=32)
Compiling module xil_defaultlib.regfile
Compiling module xil_defaultlib.flopenr(WIDTH=32)
Compiling module xil_defaultlib.adder
Compiling module xil_defaultlib.flopenrc(WIDTH=32)
Compiling module xil_defaultlib.signext
Compiling module xil_defaultlib.signext2
Compiling module xil_defaultlib.signextzero
Compiling module xil_defaultlib.sl2
Compiling module xil_defaultlib.eqcmp
Compiling module xil_defaultlib.floprc(WIDTH=32)
Compiling module xil_defaultlib.floprc(WIDTH=5)
Compiling module xil_defaultlib.mux3(WIDTH=32)
Compiling module xil_defaultlib.alu
Compiling module xil_defaultlib.mux2(WIDTH=5)
Compiling module xil_defaultlib.flopr(WIDTH=32)
Compiling module xil_defaultlib.flopr(WIDTH=5)
Compiling module xil_defaultlib.datapath
Compiling module xil_defaultlib.mips
Compiling module xil_defaultlib.imem
Compiling module xil_defaultlib.dmem
Compiling module xil_defaultlib.cpu_tb
WARNING: [XSIM 43-3373] "D:/Pipeline/cpu_tb.sv" Line 41. System function $fscanf is used as system task. This system function should have a LHS e.g. x=$fscanf().
WARNING: [XSIM 43-3373] "D:/Pipeline/cpu_tb.sv" Line 65. System function $fscanf is used as system task. This system function should have a LHS e.g. x=$fscanf().
WARNING: [XSIM 43-3373] "D:/Pipeline/cpu_tb.sv" Line 125. System function $fscanf is used as system task. This system function should have a LHS e.g. x=$fscanf().
WARNING: [XSIM 43-3373] "D:/Pipeline/cpu_tb.sv" Line 135. System function $fscanf is used as system task. This system function should have a LHS e.g. x=$fscanf().
WARNING: [XSIM 43-3373] "D:/Pipeline/cpu_tb.sv" Line 153. System function $fscanf is used as system task. This system function should have a LHS e.g. x=$fscanf().
Compiling module xil_defaultlib.glbl
Built simulation snapshot cpu_tb_behav
run_program: Time (s): cpu = 00:00:00 ; elapsed = 00:00:09 . Memory (MB): peak = 735.113 ; gain = 0.000
INFO: [USF-XSim-69] 'elaborate' step finished in '8' seconds
INFO: [USF-XSim-4] XSim::Simulate design
INFO: [USF-XSim-61] Executing 'SIMULATE' step in 'D:/Pipeline/pipelineMIPS.sim/sim_1/behav/xsim'
INFO: [USF-XSim-98] *** Running xsim
   with args "cpu_tb_behav -key {Behavioral:sim_1:Functional:cpu_tb} -tclbatch {cpu_tb.tcl} -log {simulate.log}"
INFO: [USF-XSim-8] Loading simulator feature
Vivado Simulator 2018.3
Time resolution is 1 ps
source cpu_tb.tcl
# set curr_wave [current_wave_config]
# if { [string length $curr_wave] == 0 } {
#   if { [llength [get_objects]] > 0} {
#     add_wave /
#     set_property needs_save false [current_wave_config]
#   } else {
#      send_msg_id Add_Wave-1 WARNING "No top level signals found. Simulator will start without a wave window. If you want to open a wave window go to 'File->New Waveform Configuration' or type 'create_wave_config' in the TCL console."
#   }
# }
WARNING: Simulation object /cpu_tb/summary was not traceable in the design for the following reason:
Vivado Simulator does not support tracing of System Verilog Dynamic Type object.
# log_wave -r /
WARNING: [Simtcl 6-197] One or more HDL objects could not be logged because of object type or size limitations.  To see details please rerun the command with -verbose (-v).
# run 10000000ns
WARNING: File memfile.dat referenced on D:/Pipeline/pipelineMIPS.srcs/sources_1/new/imem.sv at line 29 cannot be opened for reading. Please ensure that this file is available in the current working directory.
========== Test: en & clear ==========
WARNING: file ../../../../benchtest/en & clear/en & clear.data could not be opened
========== In init ==========
13 instructions in total
========== In runtime checker ==========
successfully pass runtime checker
========== In memory judge ==========
successfully pass memory judge
[OK] en & clear

========== Test: i-type ==========
WARNING: file ../../../../benchtest/i-type/i-type.data could not be opened
========== In init ==========
18 instructions in total
========== In runtime checker ==========
successfully pass runtime checker
========== In memory judge ==========
successfully pass memory judge
[OK] i-type

========== Test: mutual recursion ==========
WARNING: file ../../../../benchtest/mutual recursion/mutual recursion.data could not be opened
========== In init ==========
55 instructions in total
========== In runtime checker ==========
successfully pass runtime checker
========== In memory judge ==========
successfully pass memory judge
[OK] mutual recursion

========== Test: testjr ==========
WARNING: file ../../../../benchtest/testjr/testjr.data could not be opened
========== In init ==========
64 instructions in total
========== In runtime checker ==========
successfully pass runtime checker
========== In memory judge ==========
successfully pass memory judge
[OK] testjr

========== Test: ad hoc ==========
WARNING: file ../../../../benchtest/ad hoc/ad hoc.data could not be opened
========== In init ==========
22 instructions in total
========== In runtime checker ==========
successfully pass runtime checker
========== In memory judge ==========
successfully pass memory judge
[OK] ad hoc

========== Test: factorial ==========
WARNING: file ../../../../benchtest/factorial/factorial.data could not be opened
========== In init ==========
28 instructions in total
========== In runtime checker ==========
successfully pass runtime checker
========== In memory judge ==========
successfully pass memory judge
[OK] factorial

========== Test: bubble sort ==========
========== In init ==========
21 instructions in total
========== In runtime checker ==========
successfully pass runtime checker
========== In memory judge ==========
successfully pass memory judge
[OK] bubble sort

========== Test: gcd ==========
WARNING: file ../../../../benchtest/gcd/gcd.data could not be opened
========== In init ==========
18 instructions in total
========== In runtime checker ==========
successfully pass runtime checker
========== In memory judge ==========
successfully pass memory judge
[OK] gcd

========== Test: quick multiply ==========
WARNING: file ../../../../benchtest/quick multiply/quick multiply.data could not be opened
========== In init ==========
17 instructions in total
========== In runtime checker ==========
successfully pass runtime checker
========== In memory judge ==========
successfully pass memory judge
[OK] quick multiply

========== Test: bisection ==========
========== In init ==========
21 instructions in total
========== In runtime checker ==========
successfully pass runtime checker
========== In memory judge ==========
successfully pass memory judge
[OK] bisection

[Done]

CPI = 1.733869

$finish called at time : 253460 ns : File "D:/Pipeline/cpu_tb.sv" Line 191
xsim: Time (s): cpu = 00:00:08 ; elapsed = 00:00:07 . Memory (MB): peak = 735.113 ; gain = 0.000
INFO: [USF-XSim-96] XSim completed. Design snapshot 'cpu_tb_behav' loaded.
INFO: [USF-XSim-97] XSim simulation ran for 10000000ns
launch_simulation: Time (s): cpu = 00:00:09 ; elapsed = 00:00:20 . Memory (MB): peak = 735.113 ; gain = 0.000
close_sim
INFO: [Simtcl 6-16] Simulation closed
exit
INFO: [Common 17-206] Exiting Vivado at Sat May  2 19:54:09 2020...
